# JRE version: Java(TM) SE Runtime Environment (11.0.4+10) (build 11.0.4+10-LTS)
# Java VM: Java HotSpot(TM) 64-Bit Server VM (11.0.4+10-LTS, mixed mode, tiered, compressed oops, g1 gc, windows-amd64)
Heap:
 garbage-first heap   total 157696K, used 27440K [0x0000000081c00000, 0x0000000100000000)
  region size 1024K, 9 young (9216K), 9 survivors (9216K)
 Metaspace       used 45003K, capacity 46540K, committed 46720K, reserved 1097728K
  class space    used 5766K, capacity 6402K, committed 6528K, reserved 1048576K
GC Heap History (10 events):
Event: 10.486 GC heap before
{Heap before GC invocations=8 (full 0):
 garbage-first heap   total 131072K, used 86744K [0x0000000081c00000, 0x0000000100000000)
  region size 1024K, 76 young (77824K), 5 survivors (5120K)
 Metaspace       used 31640K, capacity 32809K, committed 32896K, reserved 1077248K
  class space    used 3957K, capacity 4404K, committed 4480K, reserved 1048576K
}
Event: 10.499 GC heap after
{Heap after GC invocations=9 (full 0):
 garbage-first heap   total 157696K, used 17011K [0x0000000081c00000, 0x0000000100000000)
  region size 1024K, 8 young (8192K), 8 survivors (8192K)
 Metaspace       used 31640K, capacity 32809K, committed 32896K, reserved 1077248K
  class space    used 3957K, capacity 4404K, committed 4480K, reserved 1048576K
}
Event: 11.435 GC heap before
{Heap before GC invocations=9 (full 0):
 garbage-first heap   total 157696K, used 47731K [0x0000000081c00000, 0x0000000100000000)
  region size 1024K, 39 young (39936K), 8 survivors (8192K)
 Metaspace       used 34427K, capacity 35757K, committed 35840K, reserved 1081344K
  class space    used 4370K, capacity 4920K, committed 4992K, reserved 1048576K
}
Event: 11.464 GC heap after
{Heap after GC invocations=10 (full 0):
 garbage-first heap   total 157696K, used 18589K [0x0000000081c00000, 0x0000000100000000)
  region size 1024K, 8 young (8192K), 8 survivors (8192K)
 Metaspace       used 34427K, capacity 35757K, committed 35840K, reserved 1081344K
  class space    used 4370K, capacity 4920K, committed 4992K, reserved 1048576K
}
Event: 12.032 GC heap before
{Heap before GC invocations=11 (full 0):
 garbage-first heap   total 157696K, used 97437K [0x0000000081c00000, 0x0000000100000000)
  region size 1024K, 84 young (86016K), 8 survivors (8192K)
 Metaspace       used 36168K, capacity 37541K, committed 37760K, reserved 1081344K
  class space    used 4541K, capacity 5087K, committed 5120K, reserved 1048576K
}
Event: 12.047 GC heap after
{Heap after GC invocations=12 (full 0):
 garbage-first heap   total 157696K, used 23883K [0x0000000081c00000, 0x0000000100000000)
  region size 1024K, 9 young (9216K), 9 survivors (9216K)
 Metaspace       used 36168K, capacity 37541K, committed 37760K, reserved 1081344K
  class space    used 4541K, capacity 5087K, committed 5120K, reserved 1048576K
}
Event: 12.567 GC heap before
{Heap before GC invocations=12 (full 0):
 garbage-first heap   total 157696K, used 109899K [0x0000000081c00000, 0x0000000100000000)
  region size 1024K, 86 young (88064K), 9 survivors (9216K)
 Metaspace       used 36704K, capacity 38112K, committed 38272K, reserved 1083392K
  class space    used 4586K, capacity 5128K, committed 5248K, reserved 1048576K
}
Event: 12.578 GC heap after
{Heap after GC invocations=13 (full 0):
 garbage-first heap   total 157696K, used 23552K [0x0000000081c00000, 0x0000000100000000)
  region size 1024K, 5 young (5120K), 5 survivors (5120K)
 Metaspace       used 36704K, capacity 38112K, committed 38272K, reserved 1083392K
  class space    used 4586K, capacity 5128K, committed 5248K, reserved 1048576K
}
Event: 15.200 GC heap before
{Heap before GC invocations=13 (full 0):
 garbage-first heap   total 157696K, used 100352K [0x0000000081c00000, 0x0000000100000000)
  region size 1024K, 81 young (82944K), 5 survivors (5120K)
 Metaspace       used 45003K, capacity 46540K, committed 46720K, reserved 1095680K
  class space    used 5766K, capacity 6402K, committed 6528K, reserved 1048576K
}
Event: 15.218 GC heap after
{Heap after GC invocations=14 (full 0):
 garbage-first heap   total 157696K, used 27440K [0x0000000081c00000, 0x0000000100000000)
  region size 1024K, 9 young (9216K), 9 survivors (9216K)
 Metaspace       used 45003K, capacity 46540K, committed 46720K, reserved 1095680K
  class space    used 5766K, capacity 6402K, committed 6528K, reserved 1048576K
}

